{"/srv/windows/dyploma/Front/src/App.reducer.tsx": {"path":"/srv/windows/dyploma/Front/src/App.reducer.tsx","statementMap":{"0":{"start":{"line":11,"column":0},"end":{"line":11,"column":65}},"1":{"start":{"line":12,"column":0},"end":{"line":12,"column":120}},"2":{"start":{"line":13,"column":0},"end":{"line":13,"column":59}},"3":{"start":{"line":22,"column":32},"end":{"line":47,"column":2}},"4":{"start":{"line":150,"column":9},"end":{"line":150,"column":21}},"5":{"start":{"line":49,"column":17},"end":{"line":51,"column":1}},"6":{"start":{"line":50,"column":2},"end":{"line":50,"column":26}},"7":{"start":{"line":53,"column":13},"end":{"line":72,"column":null}},"8":{"start":{"line":54,"column":19},"end":{"line":56,"column":36}},"9":{"start":{"line":57,"column":2},"end":{"line":71,"column":5}},"10":{"start":{"line":59,"column":6},"end":{"line":64,"column":null}},"11":{"start":{"line":60,"column":8},"end":{"line":60,"column":42}},"12":{"start":{"line":63,"column":8},"end":{"line":63,"column":27}},"13":{"start":{"line":67,"column":13},"end":{"line":67,"column":null}},"14":{"start":{"line":70,"column":4},"end":{"line":70,"column":23}},"15":{"start":{"line":74,"column":13},"end":{"line":77,"column":null}},"16":{"start":{"line":75,"column":31},"end":{"line":75,"column":64}},"17":{"start":{"line":76,"column":2},"end":{"line":76,"column":14}},"18":{"start":{"line":79,"column":16},"end":{"line":148,"column":1}},"19":{"start":{"line":80,"column":2},"end":{"line":147,"column":null}},"20":{"start":{"line":82,"column":6},"end":{"line":84,"column":null}},"21":{"start":{"line":88,"column":6},"end":{"line":88,"column":38}},"22":{"start":{"line":89,"column":19},"end":{"line":89,"column":32}},"23":{"start":{"line":90,"column":6},"end":{"line":90,"column":53}},"24":{"start":{"line":91,"column":6},"end":{"line":126,"column":null}},"25":{"start":{"line":92,"column":8},"end":{"line":106,"column":null}},"26":{"start":{"line":110,"column":8},"end":{"line":124,"column":null}},"27":{"start":{"line":129,"column":6},"end":{"line":129,"column":35}},"28":{"start":{"line":130,"column":6},"end":{"line":130,"column":null}},"29":{"start":{"line":133,"column":6},"end":{"line":133,"column":36}},"30":{"start":{"line":134,"column":6},"end":{"line":134,"column":24}},"31":{"start":{"line":137,"column":6},"end":{"line":137,"column":36}},"32":{"start":{"line":138,"column":6},"end":{"line":138,"column":31}},"33":{"start":{"line":139,"column":6},"end":{"line":141,"column":null}},"34":{"start":{"line":145,"column":6},"end":{"line":145,"column":19}},"35":{"start":{"line":150,"column":23},"end":{"line":150,"column":30}}},"fnMap":{"0":{"name":"(anonymous_2)","decl":{"start":{"line":49,"column":17},"end":{"line":49,"column":18}},"loc":{"start":{"line":49,"column":26},"end":{"line":51,"column":1}}},"1":{"name":"(anonymous_3)","decl":{"start":{"line":53,"column":28},"end":{"line":53,"column":29}},"loc":{"start":{"line":53,"column":68},"end":{"line":72,"column":1}}},"2":{"name":"(anonymous_4)","decl":{"start":{"line":58,"column":8},"end":{"line":58,"column":9}},"loc":{"start":{"line":58,"column":22},"end":{"line":65,"column":5}}},"3":{"name":"(anonymous_5)","decl":{"start":{"line":67,"column":4},"end":{"line":67,"column":9}},"loc":{"start":{"line":67,"column":9},"end":{"line":67,"column":20}}},"4":{"name":"(anonymous_6)","decl":{"start":{"line":69,"column":9},"end":{"line":69,"column":10}},"loc":{"start":{"line":69,"column":13},"end":{"line":71,"column":3}}},"5":{"name":"(anonymous_7)","decl":{"start":{"line":74,"column":25},"end":{"line":74,"column":null}},"loc":{"start":{"line":74,"column":25},"end":{"line":77,"column":1}}},"6":{"name":"(anonymous_8)","decl":{"start":{"line":79,"column":16},"end":{"line":79,"column":17}},"loc":{"start":{"line":79,"column":54},"end":{"line":148,"column":1}}}},"branchMap":{"0":{"loc":{"start":{"line":59,"column":6},"end":{"line":64,"column":null}},"type":"if","locations":[{"start":{"line":59,"column":6},"end":{"line":64,"column":null}},{"start":{"line":59,"column":6},"end":{"line":64,"column":null}}]},"1":{"loc":{"start":{"line":81,"column":4},"end":{"line":86,"column":null}},"type":"switch","locations":[{"start":{"line":81,"column":4},"end":{"line":86,"column":null}},{"start":{"line":87,"column":4},"end":{"line":127,"column":null}},{"start":{"line":128,"column":4},"end":{"line":131,"column":null}},{"start":{"line":132,"column":4},"end":{"line":135,"column":null}},{"start":{"line":136,"column":4},"end":{"line":143,"column":null}},{"start":{"line":144,"column":4},"end":{"line":146,"column":null}}]},"2":{"loc":{"start":{"line":91,"column":6},"end":{"line":126,"column":null}},"type":"if","locations":[{"start":{"line":91,"column":6},"end":{"line":126,"column":null}},{"start":{"line":91,"column":6},"end":{"line":126,"column":null}}]},"3":{"loc":{"start":{"line":91,"column":10},"end":{"line":91,"column":23}},"type":"binary-expr","locations":[{"start":{"line":91,"column":10},"end":{"line":91,"column":23}},{"start":{"line":91,"column":27},"end":{"line":91,"column":54}}]}},"s":{"0":1,"1":1,"2":1,"3":1,"4":1,"5":1,"6":1,"7":1,"8":2,"9":2,"10":2,"11":1,"12":1,"13":0,"14":0,"15":1,"16":2,"17":2,"18":1,"19":0,"20":0,"21":0,"22":0,"23":0,"24":0,"25":0,"26":0,"27":0,"28":0,"29":0,"30":0,"31":0,"32":0,"33":0,"34":0,"35":1},"f":{"0":1,"1":2,"2":2,"3":0,"4":0,"5":2,"6":0},"b":{"0":[1,1],"1":[0,0,0,0,0,0],"2":[0,0],"3":[0,0]}}
,"/srv/windows/dyploma/Front/src/backend/httpGet.tsx": {"path":"/srv/windows/dyploma/Front/src/backend/httpGet.tsx","statementMap":{"0":{"start":{"line":2,"column":15},"end":{"line":2,"column":42}},"1":{"start":{"line":5,"column":8},"end":{"line":5,"column":14}},"2":{"start":{"line":8,"column":4},"end":{"line":24,"column":7}},"3":{"start":{"line":9,"column":18},"end":{"line":9,"column":38}},"4":{"start":{"line":10,"column":6},"end":{"line":10,"column":34}},"5":{"start":{"line":12,"column":6},"end":{"line":19,"column":8}},"6":{"start":{"line":13,"column":8},"end":{"line":18,"column":null}},"7":{"start":{"line":14,"column":10},"end":{"line":14,"column":33}},"8":{"start":{"line":16,"column":24},"end":{"line":16,"column":50}},"9":{"start":{"line":17,"column":10},"end":{"line":17,"column":24}},"10":{"start":{"line":20,"column":6},"end":{"line":22,"column":8}},"11":{"start":{"line":21,"column":8},"end":{"line":21,"column":43}},"12":{"start":{"line":23,"column":6},"end":{"line":23,"column":17}},"13":{"start":{"line":7,"column":0},"end":{"line":7,"column":16}},"14":{"start":{"line":28,"column":4},"end":{"line":46,"column":7}},"15":{"start":{"line":29,"column":6},"end":{"line":29,"column":41}},"16":{"start":{"line":30,"column":6},"end":{"line":30,"column":42}},"17":{"start":{"line":31,"column":18},"end":{"line":31,"column":38}},"18":{"start":{"line":32,"column":6},"end":{"line":32,"column":35}},"19":{"start":{"line":33,"column":6},"end":{"line":33,"column":95}},"20":{"start":{"line":34,"column":18},"end":{"line":34,"column":26}},"21":{"start":{"line":35,"column":6},"end":{"line":44,"column":null}},"22":{"start":{"line":36,"column":8},"end":{"line":43,"column":null}},"23":{"start":{"line":37,"column":10},"end":{"line":42,"column":null}},"24":{"start":{"line":38,"column":12},"end":{"line":38,"column":34}},"25":{"start":{"line":41,"column":12},"end":{"line":41,"column":44}},"26":{"start":{"line":45,"column":6},"end":{"line":45,"column":21}},"27":{"start":{"line":27,"column":2},"end":{"line":27,"column":18}}},"fnMap":{"0":{"name":"httpGet","decl":{"start":{"line":7,"column":16},"end":{"line":7,"column":23}},"loc":{"start":{"line":7,"column":35},"end":{"line":25,"column":3}}},"1":{"name":"(anonymous_1)","decl":{"start":{"line":8,"column":23},"end":{"line":8,"column":24}},"loc":{"start":{"line":8,"column":39},"end":{"line":24,"column":5}}},"2":{"name":"(anonymous_2)","decl":{"start":{"line":12,"column":19},"end":{"line":12,"column":null}},"loc":{"start":{"line":12,"column":19},"end":{"line":19,"column":7}}},"3":{"name":"(anonymous_3)","decl":{"start":{"line":20,"column":20},"end":{"line":20,"column":null}},"loc":{"start":{"line":20,"column":20},"end":{"line":22,"column":7}}},"4":{"name":"sendToSocket","decl":{"start":{"line":27,"column":18},"end":{"line":27,"column":26}},"loc":{"start":{"line":27,"column":49},"end":{"line":47,"column":3}}},"5":{"name":"(anonymous_5)","decl":{"start":{"line":28,"column":23},"end":{"line":28,"column":24}},"loc":{"start":{"line":28,"column":38},"end":{"line":46,"column":5}}},"6":{"name":"(anonymous_6)","decl":{"start":{"line":35,"column":19},"end":{"line":35,"column":null}},"loc":{"start":{"line":35,"column":19},"end":{"line":44,"column":7}}}},"branchMap":{"0":{"loc":{"start":{"line":13,"column":8},"end":{"line":18,"column":null}},"type":"if","locations":[{"start":{"line":13,"column":8},"end":{"line":18,"column":null}},{"start":{"line":13,"column":8},"end":{"line":18,"column":null}}]},"1":{"loc":{"start":{"line":36,"column":8},"end":{"line":43,"column":null}},"type":"if","locations":[{"start":{"line":36,"column":8},"end":{"line":43,"column":null}},{"start":{"line":36,"column":8},"end":{"line":43,"column":null}}]},"2":{"loc":{"start":{"line":37,"column":10},"end":{"line":42,"column":null}},"type":"if","locations":[{"start":{"line":37,"column":10},"end":{"line":42,"column":null}},{"start":{"line":37,"column":10},"end":{"line":42,"column":null}}]},"3":{"loc":{"start":{"line":37,"column":13},"end":{"line":37,"column":29}},"type":"binary-expr","locations":[{"start":{"line":37,"column":13},"end":{"line":37,"column":29}},{"start":{"line":37,"column":33},"end":{"line":37,"column":49}}]}},"s":{"0":1,"1":1,"2":2,"3":2,"4":2,"5":2,"6":2,"7":2,"8":0,"9":0,"10":2,"11":0,"12":2,"13":1,"14":2,"15":2,"16":2,"17":2,"18":2,"19":2,"20":2,"21":2,"22":2,"23":2,"24":2,"25":0,"26":2,"27":1},"f":{"0":2,"1":2,"2":2,"3":0,"4":2,"5":2,"6":2},"b":{"0":[2,0],"1":[2,0],"2":[2,0],"3":[2,2]}}
,"/srv/windows/dyploma/Front/src/shared/storage/GoogleMap.Markers.ts": {"path":"/srv/windows/dyploma/Front/src/shared/storage/GoogleMap.Markers.ts","statementMap":{"0":{"start":{"line":1,"column":0},"end":{"line":1,"column":54}},"1":{"start":{"line":4,"column":13},"end":{"line":35,"column":null}},"2":{"start":{"line":5,"column":19},"end":{"line":15,"column":4}},"3":{"start":{"line":16,"column":4},"end":{"line":32,"column":7}},"4":{"start":{"line":19,"column":21},"end":{"line":19,"column":41}},"5":{"start":{"line":20,"column":8},"end":{"line":20,"column":47}},"6":{"start":{"line":21,"column":8},"end":{"line":21,"column":26}},"7":{"start":{"line":22,"column":8},"end":{"line":22,"column":20}},"8":{"start":{"line":24,"column":15},"end":{"line":24,"column":null}},"9":{"start":{"line":28,"column":6},"end":{"line":28,"column":22}},"10":{"start":{"line":29,"column":6},"end":{"line":31,"column":9}},"11":{"start":{"line":30,"column":8},"end":{"line":30,"column":22}},"12":{"start":{"line":34,"column":2},"end":{"line":34,"column":13}},"13":{"start":{"line":37,"column":16},"end":{"line":37,"column":28}},"14":{"start":{"line":40,"column":8},"end":{"line":40,"column":15}},"15":{"start":{"line":38,"column":0},"end":{"line":38,"column":33}},"16":{"start":{"line":39,"column":0},"end":{"line":39,"column":21}}},"fnMap":{"0":{"name":"(anonymous_0)","decl":{"start":{"line":4,"column":25},"end":{"line":4,"column":null}},"loc":{"start":{"line":4,"column":25},"end":{"line":35,"column":1}}},"1":{"name":"(anonymous_1)","decl":{"start":{"line":18,"column":6},"end":{"line":18,"column":7}},"loc":{"start":{"line":18,"column":20},"end":{"line":23,"column":7}}},"2":{"name":"(anonymous_2)","decl":{"start":{"line":24,"column":6},"end":{"line":24,"column":11}},"loc":{"start":{"line":24,"column":11},"end":{"line":24,"column":22}}},"3":{"name":"(anonymous_3)","decl":{"start":{"line":27,"column":10},"end":{"line":27,"column":11}},"loc":{"start":{"line":27,"column":20},"end":{"line":32,"column":5}}},"4":{"name":"(anonymous_4)","decl":{"start":{"line":29,"column":15},"end":{"line":29,"column":16}},"loc":{"start":{"line":29,"column":24},"end":{"line":31,"column":7}}}},"branchMap":{},"s":{"0":1,"1":1,"2":2,"3":2,"4":2,"5":2,"6":2,"7":2,"8":0,"9":2,"10":2,"11":6,"12":2,"13":1,"14":1,"15":1,"16":1},"f":{"0":2,"1":2,"2":0,"3":2,"4":6},"b":{}}
,"/srv/windows/dyploma/Front/src/shared/storage/localStorage.actions.tsx": {"path":"/srv/windows/dyploma/Front/src/shared/storage/localStorage.actions.tsx","statementMap":{"0":{"start":{"line":4,"column":0},"end":{"line":14,"column":3}},"1":{"start":{"line":16,"column":13},"end":{"line":24,"column":null}},"2":{"start":{"line":17,"column":4},"end":{"line":17,"column":39}},"3":{"start":{"line":18,"column":8},"end":{"line":23,"column":null}},"4":{"start":{"line":19,"column":12},"end":{"line":19,"column":63}},"5":{"start":{"line":20,"column":12},"end":{"line":20,"column":42}},"6":{"start":{"line":26,"column":13},"end":{"line":38,"column":null}},"7":{"start":{"line":27,"column":4},"end":{"line":36,"column":null}},"8":{"start":{"line":28,"column":38},"end":{"line":28,"column":66}},"9":{"start":{"line":29,"column":8},"end":{"line":32,"column":null}},"10":{"start":{"line":30,"column":12},"end":{"line":30,"column":28}},"11":{"start":{"line":32,"column":15},"end":{"line":32,"column":40}},"12":{"start":{"line":34,"column":8},"end":{"line":34,"column":52}},"13":{"start":{"line":35,"column":8},"end":{"line":35,"column":24}},"14":{"start":{"line":40,"column":13},"end":{"line":43,"column":null}},"15":{"start":{"line":41,"column":4},"end":{"line":41,"column":36}},"16":{"start":{"line":42,"column":4},"end":{"line":42,"column":36}}},"fnMap":{"0":{"name":"(anonymous_0)","decl":{"start":{"line":16,"column":34},"end":{"line":16,"column":35}},"loc":{"start":{"line":16,"column":44},"end":{"line":24,"column":5}}},"1":{"name":"(anonymous_1)","decl":{"start":{"line":26,"column":35},"end":{"line":26,"column":null}},"loc":{"start":{"line":26,"column":35},"end":{"line":38,"column":1}}},"2":{"name":"(anonymous_2)","decl":{"start":{"line":40,"column":37},"end":{"line":40,"column":null}},"loc":{"start":{"line":40,"column":37},"end":{"line":43,"column":1}}}},"branchMap":{"0":{"loc":{"start":{"line":29,"column":8},"end":{"line":32,"column":null}},"type":"if","locations":[{"start":{"line":29,"column":8},"end":{"line":32,"column":null}},{"start":{"line":29,"column":8},"end":{"line":32,"column":null}}]}},"s":{"0":1,"1":1,"2":1,"3":1,"4":1,"5":1,"6":1,"7":2,"8":2,"9":2,"10":1,"11":1,"12":0,"13":0,"14":1,"15":2,"16":2},"f":{"0":1,"1":2,"2":2},"b":{"0":[1,1]}}
}
