TN:
SF:/srv/windows/dyploma/Front/src/App.reducer.tsx
FN:49,(anonymous_2)
FN:53,(anonymous_3)
FN:58,(anonymous_4)
FN:67,(anonymous_5)
FN:69,(anonymous_6)
FN:74,(anonymous_7)
FN:79,(anonymous_8)
FNF:7
FNH:4
FNDA:1,(anonymous_2)
FNDA:2,(anonymous_3)
FNDA:2,(anonymous_4)
FNDA:0,(anonymous_5)
FNDA:0,(anonymous_6)
FNDA:2,(anonymous_7)
FNDA:0,(anonymous_8)
DA:11,1
DA:12,1
DA:13,1
DA:22,1
DA:49,1
DA:50,1
DA:53,1
DA:54,2
DA:57,2
DA:59,2
DA:60,1
DA:63,1
DA:67,0
DA:70,0
DA:74,1
DA:75,2
DA:76,2
DA:79,1
DA:80,0
DA:82,0
DA:88,0
DA:89,0
DA:90,0
DA:91,0
DA:92,0
DA:110,0
DA:129,0
DA:130,0
DA:133,0
DA:134,0
DA:137,0
DA:138,0
DA:139,0
DA:145,0
DA:150,1
LF:35
LH:17
BRDA:59,0,0,1
BRDA:59,0,1,1
BRDA:81,1,0,0
BRDA:81,1,1,0
BRDA:81,1,2,0
BRDA:81,1,3,0
BRDA:81,1,4,0
BRDA:81,1,5,0
BRDA:91,2,0,0
BRDA:91,2,1,0
BRDA:91,3,0,0
BRDA:91,3,1,0
BRF:12
BRH:2
end_of_record
TN:
SF:/srv/windows/dyploma/Front/src/backend/httpGet.tsx
FN:7,httpGet
FN:8,(anonymous_1)
FN:12,(anonymous_2)
FN:20,(anonymous_3)
FN:27,httpPost
FN:28,(anonymous_5)
FN:35,(anonymous_6)
FNF:7
FNH:6
FNDA:2,httpGet
FNDA:2,(anonymous_1)
FNDA:2,(anonymous_2)
FNDA:0,(anonymous_3)
FNDA:2,httpPost
FNDA:2,(anonymous_5)
FNDA:2,(anonymous_6)
DA:2,1
DA:5,1
DA:7,1
DA:8,2
DA:9,2
DA:10,2
DA:12,2
DA:13,2
DA:14,2
DA:16,0
DA:17,0
DA:20,2
DA:21,0
DA:23,2
DA:27,1
DA:28,2
DA:29,2
DA:30,2
DA:31,2
DA:32,2
DA:33,2
DA:34,2
DA:35,2
DA:36,2
DA:37,2
DA:38,2
DA:41,0
DA:45,2
LF:28
LH:24
BRDA:13,0,0,2
BRDA:13,0,1,0
BRDA:36,1,0,2
BRDA:36,1,1,0
BRDA:37,2,0,2
BRDA:37,2,1,0
BRDA:37,3,0,2
BRDA:37,3,1,2
BRF:8
BRH:5
end_of_record
TN:
SF:/srv/windows/dyploma/Front/src/shared/storage/GoogleMap.Markers.ts
FN:4,(anonymous_0)
FN:18,(anonymous_1)
FN:24,(anonymous_2)
FN:27,(anonymous_3)
FN:29,(anonymous_4)
FNF:5
FNH:4
FNDA:2,(anonymous_0)
FNDA:2,(anonymous_1)
FNDA:0,(anonymous_2)
FNDA:2,(anonymous_3)
FNDA:6,(anonymous_4)
DA:1,1
DA:4,1
DA:5,2
DA:16,2
DA:19,2
DA:20,2
DA:21,2
DA:22,2
DA:24,0
DA:28,2
DA:29,2
DA:30,6
DA:34,2
DA:37,1
DA:38,1
DA:39,1
DA:40,1
LF:17
LH:16
BRF:0
BRH:0
end_of_record
TN:
SF:/srv/windows/dyploma/Front/src/shared/storage/localStorage.actions.tsx
FN:16,(anonymous_0)
FN:26,(anonymous_1)
FN:40,(anonymous_2)
FNF:3
FNH:3
FNDA:1,(anonymous_0)
FNDA:2,(anonymous_1)
FNDA:2,(anonymous_2)
DA:4,1
DA:16,1
DA:17,1
DA:18,1
DA:19,1
DA:20,1
DA:26,1
DA:27,2
DA:28,2
DA:29,2
DA:30,1
DA:32,1
DA:34,0
DA:35,0
DA:40,1
DA:41,2
DA:42,2
LF:17
LH:15
BRDA:29,0,0,1
BRDA:29,0,1,1
BRF:2
BRH:2
end_of_record
